0 info it worked if it ends with ok
1 verbose cli [ '/home/bevis/.nvm/versions/node/v6.0.0/bin/node',
1 verbose cli   '/home/bevis/.nvm/versions/node/v6.0.0/bin/npm',
1 verbose cli   'run',
1 verbose cli   'start' ]
2 info using npm@3.8.6
3 info using node@v6.0.0
4 verbose run-script [ 'prestart', 'start', 'poststart' ]
5 info lifecycle zooapi@1.0.0~prestart: zooapi@1.0.0
6 silly lifecycle zooapi@1.0.0~prestart: no script for prestart, continuing
7 info lifecycle zooapi@1.0.0~start: zooapi@1.0.0
8 verbose lifecycle zooapi@1.0.0~start: unsafe-perm in lifecycle true
9 verbose lifecycle zooapi@1.0.0~start: PATH: /home/bevis/.nvm/versions/node/v6.0.0/lib/node_modules/npm/bin/node-gyp-bin:/home/bevis/Dev/Hackathons/Zoohackathon2017/zooApi/node_modules/.bin:/home/bevis/.nvm/versions/node/v6.0.0/bin:/home/bevis/.nvm/versions/node/v6.0.0/bin:~/bin/**/*:~/bin/**/*:/home/bevis/opt/bin:/usr/local/sbin:/usr/local/bin:/usr/sbin:/usr/bin:/sbin:/bin:/usr/games:/usr/local/games:/snap/bin:/home/bevis/opt/bin:/home/bevis/.rvm/bin:/home/bevis/.rvm/bin
10 verbose lifecycle zooapi@1.0.0~start: CWD: /home/bevis/Dev/Hackathons/Zoohackathon2017/zooApi
11 silly lifecycle zooapi@1.0.0~start: Args: [ '-c', 'nodemon server.js' ]
12 silly lifecycle zooapi@1.0.0~start: Returned: code: 1  signal: null
13 info lifecycle zooapi@1.0.0~start: Failed to exec start script
14 verbose stack Error: zooapi@1.0.0 start: `nodemon server.js`
14 verbose stack Exit status 1
14 verbose stack     at EventEmitter.<anonymous> (/home/bevis/.nvm/versions/node/v6.0.0/lib/node_modules/npm/lib/utils/lifecycle.js:239:16)
14 verbose stack     at emitTwo (events.js:106:13)
14 verbose stack     at EventEmitter.emit (events.js:191:7)
14 verbose stack     at ChildProcess.<anonymous> (/home/bevis/.nvm/versions/node/v6.0.0/lib/node_modules/npm/lib/utils/spawn.js:24:14)
14 verbose stack     at emitTwo (events.js:106:13)
14 verbose stack     at ChildProcess.emit (events.js:191:7)
14 verbose stack     at maybeClose (internal/child_process.js:850:16)
14 verbose stack     at Process.ChildProcess._handle.onexit (internal/child_process.js:215:5)
15 verbose pkgid zooapi@1.0.0
16 verbose cwd /home/bevis/Dev/Hackathons/Zoohackathon2017/zooApi
17 error Linux 4.10.0-35-generic
18 error argv "/home/bevis/.nvm/versions/node/v6.0.0/bin/node" "/home/bevis/.nvm/versions/node/v6.0.0/bin/npm" "run" "start"
19 error node v6.0.0
20 error npm  v3.8.6
21 error code ELIFECYCLE
22 error zooapi@1.0.0 start: `nodemon server.js`
22 error Exit status 1
23 error Failed at the zooapi@1.0.0 start script 'nodemon server.js'.
23 error Make sure you have the latest version of node.js and npm installed.
23 error If you do, this is most likely a problem with the zooapi package,
23 error not with npm itself.
23 error Tell the author that this fails on your system:
23 error     nodemon server.js
23 error You can get information on how to open an issue for this project with:
23 error     npm bugs zooapi
23 error Or if that isn't available, you can get their info via:
23 error     npm owner ls zooapi
23 error There is likely additional logging output above.
24 verbose exit [ 1, true ]
